<?xml version="1.0" encoding="UTF-8"?>
<testsuite xmlns:xsi="http://www.w3.org/2001/XMLSchema-instance" xsi:noNamespaceSchemaLocation="https://maven.apache.org/surefire/maven-surefire-plugin/xsd/surefire-test-report-3.0.xsd" version="3.0" name="com.school.SchoolService.SchoolServiceApplicationTests" time="18.674" tests="1" errors="0" skipped="0" failures="0">
  <properties>
[...]
</properties>
  <testcase name="contextLoads" classname="com.school.SchoolService.SchoolServiceApplicationTests" time="1.641">
    <system-out><![CDATA[09:56:06.295 [main] INFO org.springframework.test.context.support.AnnotationConfigContextLoaderUtils -- Could not detect default configuration classes for test class [com.school.SchoolService.SchoolServiceApplicationTests]: SchoolServiceApplicationTests does not declare any static, non-private, non-final, nested classes annotated with @Configuration.
09:56:06.529 [main] INFO org.springframework.boot.test.context.SpringBootTestContextBootstrapper -- Found @SpringBootConfiguration com.school.SchoolService.SchoolServiceApplication for test class com.school.SchoolService.SchoolServiceApplicationTests

  .   ____          _            __ _ _
 /\\ / ___'_ __ _ _(_)_ __  __ _ \ \ \ \
( ( )\___ | '_ | '_| | '_ \/ _` | \ \ \ \
 \\/  ___)| |_)| | | | | || (_| |  ) ) ) )
  '  |____| .__|_| |_|_| |_\__, | / / / /
 =========|_|==============|___/=/_/_/_/
 :: Spring Boot ::                (v3.2.4)

2024-04-12T09:56:07.584-09:00  INFO 7236 --- [SchoolService] [           main] c.s.S.SchoolServiceApplicationTests      : Starting SchoolServiceApplicationTests using Java 17.0.10 with PID 7236 (started by Shejal in C:\Users\Shejal\Desktop\QUARKUS\Microservices\Project\SchoolService\SchoolService)
2024-04-12T09:56:07.588-09:00  INFO 7236 --- [SchoolService] [           main] c.s.S.SchoolServiceApplicationTests      : No active profile set, falling back to 1 default profile: "default"
2024-04-12T09:56:10.075-09:00  INFO 7236 --- [SchoolService] [           main] .s.d.r.c.RepositoryConfigurationDelegate : Bootstrapping Spring Data JPA repositories in DEFAULT mode.
2024-04-12T09:56:10.431-09:00  INFO 7236 --- [SchoolService] [           main] .s.d.r.c.RepositoryConfigurationDelegate : Finished Spring Data repository scanning in 334 ms. Found 1 JPA repository interface.
2024-04-12T09:56:11.235-09:00  INFO 7236 --- [SchoolService] [           main] o.s.cloud.context.scope.GenericScope     : BeanFactory id=545e3b1a-6af2-3761-bb7e-b779c1f63def
2024-04-12T09:56:12.049-09:00  WARN 7236 --- [SchoolService] [           main] trationDelegate$BeanPostProcessorChecker : Bean 'org.springframework.cloud.client.loadbalancer.LoadBalancerAutoConfiguration$DeferringLoadBalancerInterceptorConfig' of type [org.springframework.cloud.client.loadbalancer.LoadBalancerAutoConfiguration$DeferringLoadBalancerInterceptorConfig] is not eligible for getting processed by all BeanPostProcessors (for example: not eligible for auto-proxying). The currently created BeanPostProcessor [lbRestClientPostProcessor] is declared through a non-static factory method on that class; consider declaring it as static instead.
2024-04-12T09:56:12.055-09:00  WARN 7236 --- [SchoolService] [           main] trationDelegate$BeanPostProcessorChecker : Bean 'deferringLoadBalancerInterceptor' of type [org.springframework.cloud.client.loadbalancer.DeferringLoadBalancerInterceptor] is not eligible for getting processed by all BeanPostProcessors (for example: not eligible for auto-proxying). Is this bean getting eagerly injected into a currently created BeanPostProcessor [lbRestClientPostProcessor]? Check the corresponding BeanPostProcessor declaration and its dependencies.
2024-04-12T09:56:12.416-09:00  INFO 7236 --- [SchoolService] [           main] o.hibernate.jpa.internal.util.LogHelper  : HHH000204: Processing PersistenceUnitInfo [name: default]
2024-04-12T09:56:12.593-09:00  INFO 7236 --- [SchoolService] [           main] org.hibernate.Version                    : HHH000412: Hibernate ORM core version 6.4.4.Final
2024-04-12T09:56:12.691-09:00  INFO 7236 --- [SchoolService] [           main] o.h.c.internal.RegionFactoryInitiator    : HHH000026: Second-level cache disabled
2024-04-12T09:56:13.327-09:00  INFO 7236 --- [SchoolService] [           main] o.s.o.j.p.SpringPersistenceUnitInfo      : No LoadTimeWeaver setup: ignoring JPA class transformer
2024-04-12T09:56:13.401-09:00  INFO 7236 --- [SchoolService] [           main] com.zaxxer.hikari.HikariDataSource       : HikariPool-1 - Starting...
2024-04-12T09:56:14.078-09:00  INFO 7236 --- [SchoolService] [           main] com.zaxxer.hikari.pool.HikariPool        : HikariPool-1 - Added connection com.mysql.cj.jdbc.ConnectionImpl@7d3815f7
2024-04-12T09:56:14.083-09:00  INFO 7236 --- [SchoolService] [           main] com.zaxxer.hikari.HikariDataSource       : HikariPool-1 - Start completed.
2024-04-12T09:56:14.199-09:00  WARN 7236 --- [SchoolService] [           main] org.hibernate.orm.deprecation            : HHH90000025: MySQLDialect does not need to be specified explicitly using 'hibernate.dialect' (remove the property setting and it will be selected by default)
2024-04-12T09:56:15.877-09:00  INFO 7236 --- [SchoolService] [           main] o.h.e.t.j.p.i.JtaPlatformInitiator       : HHH000489: No JTA platform available (set 'hibernate.transaction.jta.platform' to enable JTA platform integration)
2024-04-12T09:56:15.962-09:00  INFO 7236 --- [SchoolService] [           main] j.LocalContainerEntityManagerFactoryBean : Initialized JPA EntityManagerFactory for persistence unit 'default'
2024-04-12T09:56:17.072-09:00  WARN 7236 --- [SchoolService] [           main] JpaBaseConfiguration$JpaWebConfiguration : spring.jpa.open-in-view is enabled by default. Therefore, database queries may be performed during view rendering. Explicitly configure spring.jpa.open-in-view to disable this warning
2024-04-12T09:56:20.200-09:00  WARN 7236 --- [SchoolService] [           main] iguration$LoadBalancerCaffeineWarnLogger : Spring Cloud LoadBalancer is currently working with the default cache. While this cache implementation is useful for development and tests, it's recommended to use Caffeine cache in production.You can switch to using Caffeine cache, by adding it and org.springframework.cache.caffeine.CaffeineCacheManager to the classpath.
2024-04-12T09:56:20.767-09:00  INFO 7236 --- [SchoolService] [           main] o.s.c.n.eureka.InstanceInfoFactory       : Setting initial instance status as: STARTING
2024-04-12T09:56:20.955-09:00  INFO 7236 --- [SchoolService] [           main] com.netflix.discovery.DiscoveryClient    : Initializing Eureka in region us-east-1
2024-04-12T09:56:21.022-09:00  INFO 7236 --- [SchoolService] [           main] c.n.d.provider.DiscoveryJerseyProvider   : Using JSON encoding codec LegacyJacksonJson
2024-04-12T09:56:21.023-09:00  INFO 7236 --- [SchoolService] [           main] c.n.d.provider.DiscoveryJerseyProvider   : Using JSON decoding codec LegacyJacksonJson
2024-04-12T09:56:21.024-09:00  INFO 7236 --- [SchoolService] [           main] c.n.d.provider.DiscoveryJerseyProvider   : Using XML encoding codec XStreamXml
2024-04-12T09:56:21.024-09:00  INFO 7236 --- [SchoolService] [           main] c.n.d.provider.DiscoveryJerseyProvider   : Using XML decoding codec XStreamXml
2024-04-12T09:56:21.115-09:00  INFO 7236 --- [SchoolService] [           main] c.n.d.s.r.aws.ConfigClusterResolver      : Resolving eureka endpoints via configuration
2024-04-12T09:56:21.182-09:00  INFO 7236 --- [SchoolService] [           main] com.netflix.discovery.DiscoveryClient    : Disable delta property : false
2024-04-12T09:56:21.182-09:00  INFO 7236 --- [SchoolService] [           main] com.netflix.discovery.DiscoveryClient    : Single vip registry refresh property : null
2024-04-12T09:56:21.183-09:00  INFO 7236 --- [SchoolService] [           main] com.netflix.discovery.DiscoveryClient    : Force full registry fetch : false
2024-04-12T09:56:21.183-09:00  INFO 7236 --- [SchoolService] [           main] com.netflix.discovery.DiscoveryClient    : Application is null : false
2024-04-12T09:56:21.183-09:00  INFO 7236 --- [SchoolService] [           main] com.netflix.discovery.DiscoveryClient    : Registered Applications size is zero : true
2024-04-12T09:56:21.183-09:00  INFO 7236 --- [SchoolService] [           main] com.netflix.discovery.DiscoveryClient    : Application version is -1: true
2024-04-12T09:56:21.183-09:00  INFO 7236 --- [SchoolService] [           main] com.netflix.discovery.DiscoveryClient    : Getting all instance registry info from the eureka server
2024-04-12T09:56:22.131-09:00  INFO 7236 --- [SchoolService] [           main] com.netflix.discovery.DiscoveryClient    : The response status is 200
2024-04-12T09:56:22.134-09:00  INFO 7236 --- [SchoolService] [           main] com.netflix.discovery.DiscoveryClient    : Starting heartbeat executor: renew interval is: 30
2024-04-12T09:56:22.139-09:00  INFO 7236 --- [SchoolService] [           main] c.n.discovery.InstanceInfoReplicator     : InstanceInfoReplicator onDemand update allowed rate per min is 4
2024-04-12T09:56:22.148-09:00  INFO 7236 --- [SchoolService] [           main] com.netflix.discovery.DiscoveryClient    : Discovery Client initialized at timestamp 1712948182146 with initial instances count: 0
2024-04-12T09:56:22.250-09:00  INFO 7236 --- [SchoolService] [           main] c.n.eureka.DefaultEurekaServerContext    : Initializing ...
2024-04-12T09:56:22.253-09:00  INFO 7236 --- [SchoolService] [           main] c.n.eureka.cluster.PeerEurekaNodes       : Adding new peer nodes [http://localhost:8003/eureka/]
2024-04-12T09:56:22.391-09:00  INFO 7236 --- [SchoolService] [           main] c.n.d.provider.DiscoveryJerseyProvider   : Using JSON encoding codec LegacyJacksonJson
2024-04-12T09:56:22.392-09:00  INFO 7236 --- [SchoolService] [           main] c.n.d.provider.DiscoveryJerseyProvider   : Using JSON decoding codec LegacyJacksonJson
2024-04-12T09:56:22.392-09:00  INFO 7236 --- [SchoolService] [           main] c.n.d.provider.DiscoveryJerseyProvider   : Using XML encoding codec XStreamXml
2024-04-12T09:56:22.392-09:00  INFO 7236 --- [SchoolService] [           main] c.n.d.provider.DiscoveryJerseyProvider   : Using XML decoding codec XStreamXml
2024-04-12T09:56:22.475-09:00  INFO 7236 --- [SchoolService] [           main] c.n.eureka.cluster.PeerEurekaNodes       : Replica node URL:  http://localhost:8003/eureka/
2024-04-12T09:56:22.491-09:00  INFO 7236 --- [SchoolService] [           main] c.n.e.registry.AbstractInstanceRegistry  : Finished initializing remote region registries. All known remote regions: []
2024-04-12T09:56:22.493-09:00  INFO 7236 --- [SchoolService] [           main] c.n.eureka.DefaultEurekaServerContext    : Initialized
2024-04-12T09:56:22.736-09:00  INFO 7236 --- [SchoolService] [           main] o.s.b.a.e.web.EndpointLinksResolver      : Exposing 1 endpoint(s) beneath base path '/actuator'
2024-04-12T09:56:22.877-09:00  INFO 7236 --- [SchoolService] [           main] o.s.c.n.e.s.EurekaServiceRegistry        : Registering application SCHOOLSERVICE with eureka with status UP
2024-04-12T09:56:22.878-09:00  INFO 7236 --- [SchoolService] [           main] com.netflix.discovery.DiscoveryClient    : Saw local status change event StatusChangeEvent [timestamp=1712948182878, current=UP, previous=STARTING]
2024-04-12T09:56:22.882-09:00  INFO 7236 --- [SchoolService] [nfoReplicator-0] com.netflix.discovery.DiscoveryClient    : DiscoveryClient_SCHOOLSERVICE/DESKTOP-9BEJOC9:SchoolService:8002: registering service...
2024-04-12T09:56:22.904-09:00  INFO 7236 --- [SchoolService] [      Thread-10] o.s.c.n.e.server.EurekaServerBootstrap   : isAws returned false
2024-04-12T09:56:22.905-09:00  INFO 7236 --- [SchoolService] [      Thread-10] o.s.c.n.e.server.EurekaServerBootstrap   : Initialized server context
2024-04-12T09:56:22.912-09:00  INFO 7236 --- [SchoolService] [           main] c.s.S.SchoolServiceApplicationTests      : Started SchoolServiceApplicationTests in 16.007 seconds (process running for 18.415)
2024-04-12T09:56:23.220-09:00  INFO 7236 --- [SchoolService] [nfoReplicator-0] com.netflix.discovery.DiscoveryClient    : DiscoveryClient_SCHOOLSERVICE/DESKTOP-9BEJOC9:SchoolService:8002 - registration status: 204
]]></system-out>
  </testcase>
</testsuite>